<?xml version="1.0" encoding="UTF-8"?>
<testsuite name="us.deloitteinnovation.aca.batch.ingest.InputFileMetaDataTest" time="0" tests="1" errors="0" skipped="1" failures="0">
  <properties>
    <property name="java.runtime.name" value="Java(TM) SE Runtime Environment"/>
    <property name="sun.boot.library.path" value="C:\Program Files\Java\jdk1.8.0_91\jre\bin"/>
    <property name="java.vm.version" value="25.91-b15"/>
    <property name="java.vm.vendor" value="Oracle Corporation"/>
    <property name="java.vendor.url" value="http://java.oracle.com/"/>
    <property name="path.separator" value=";"/>
    <property name="guice.disable.misplaced.annotation.check" value="true"/>
    <property name="java.vm.name" value="Java HotSpot(TM) 64-Bit Server VM"/>
    <property name="file.encoding.pkg" value="sun.io"/>
    <property name="user.script" value=""/>
    <property name="user.country" value="IN"/>
    <property name="sun.java.launcher" value="SUN_STANDARD"/>
    <property name="sun.os.patch.level" value="Service Pack 1"/>
    <property name="java.vm.specification.name" value="Java Virtual Machine Specification"/>
    <property name="user.dir" value="C:\PROJECTS\ACA1095B\1095b"/>
    <property name="java.runtime.version" value="1.8.0_91-b15"/>
    <property name="java.awt.graphicsenv" value="sun.awt.Win32GraphicsEnvironment"/>
    <property name="java.endorsed.dirs" value="C:\Program Files\Java\jdk1.8.0_91\jre\lib\endorsed"/>
    <property name="os.arch" value="amd64"/>
    <property name="java.io.tmpdir" value="C:\Users\RBONGU~1\AppData\Local\Temp\"/>
    <property name="line.separator" value="&#10;"/>
    <property name="java.vm.specification.vendor" value="Oracle Corporation"/>
    <property name="user.variant" value=""/>
    <property name="os.name" value="Windows 7"/>
    <property name="classworlds.conf" value="C:\softwares\apache-maven-3.2.3\bin\m2.conf"/>
    <property name="sun.jnu.encoding" value="Cp1252"/>
    <property name="java.library.path" value="C:\Program Files\Java\jdk1.8.0_91\bin;C:\windows\Sun\Java\bin;C:\windows\system32;C:\windows;C:\Program Files\Java\jdk1.8.0_91\bin;C:\ProgramData\Oracle\Java\javapath;C:\Program Files\Common Files\Microsoft Shared\Windows Live;C:\Program Files (x86)\Common Files\Microsoft Shared\Windows Live;c:\Program Files (x86)\Intel\iCLS Client\;c:\Program Files\Intel\iCLS Client\;C:\Program Files\Broadcom\Broadcom 802.11;C:\windows\system32;C:\windows;C:\windows\System32\Wbem;C:\windows\System32\WindowsPowerShell\v1.0\;c:\Program Files\WIDCOMM\Bluetooth Software\;c:\Program Files\WIDCOMM\Bluetooth Software\syswow64;C:\Program Files\Intel\Intel(R) Management Engine Components\DAL;C:\Program Files\Intel\Intel(R) Management Engine Components\IPT;C:\Program Files (x86)\Intel\Intel(R) Management Engine Components\DAL;C:\Program Files (x86)\Intel\Intel(R) Management Engine Components\IPT;C:\Program Files (x86)\Windows Live\Shared;C:\Program Files\TortoiseGit\bin;C:\softwares\apache-maven-3.2.3\bin;C:\Program Files (x86)\Git\bin;C:\Program Files (x86)\Bitvise SSH Client;C:\Apache24\bin;C:\Program Files (x86)\MIT\Kerberos\bin;C:\Program Files (x86)\GnuWin32\bin;C:\Projects\sonar-runner-2.4\bin;C:\softwares\software office\sonarqube-6.1\bin\windows-x86-64;C:\Program Files (x86)\Skype\Phone\;C:\Program Files (x86)\scala\bin;C:\softwares\ruby-2.3.1;C:\Program Files\nodejs\;C:\softwares\play\activator-dist-1.3.10\bin;C:\softwares\play\play-2.2.6;c:\Program Files (x86)\Microsoft SQL Server\110\Tools\Binn\ManagementStudio\;c:\Program Files (x86)\Microsoft SQL Server\110\Tools\Binn\;c:\Program Files (x86)\Microsoft SQL Server\110\DTS\Binn\;C:\Ruby23-x64\bin;C:\Users\rbongurala\AppData\Roaming\npm;."/>
    <property name="java.specification.name" value="Java Platform API Specification"/>
    <property name="java.class.version" value="52.0"/>
    <property name="sun.management.compiler" value="HotSpot 64-Bit Tiered Compilers"/>
    <property name="os.version" value="6.1"/>
    <property name="user.home" value="C:\Users\rbongurala"/>
    <property name="user.timezone" value="Asia/Calcutta"/>
    <property name="java.awt.printerjob" value="sun.awt.windows.WPrinterJob"/>
    <property name="java.specification.version" value="1.8"/>
    <property name="file.encoding" value="Cp1252"/>
    <property name="user.name" value="rbongurala"/>
    <property name="java.class.path" value="C:\softwares\apache-maven-3.2.3\boot\plexus-classworlds-2.5.1.jar"/>
    <property name="java.vm.specification.version" value="1.8"/>
    <property name="sun.arch.data.model" value="64"/>
    <property name="java.home" value="C:\Program Files\Java\jdk1.8.0_91\jre"/>
    <property name="sun.java.command" value="org.codehaus.plexus.classworlds.launcher.Launcher clean install sonar:sonar"/>
    <property name="java.specification.vendor" value="Oracle Corporation"/>
    <property name="user.language" value="en"/>
    <property name="awt.toolkit" value="sun.awt.windows.WToolkit"/>
    <property name="java.vm.info" value="mixed mode"/>
    <property name="java.version" value="1.8.0_91"/>
    <property name="java.ext.dirs" value="C:\Program Files\Java\jdk1.8.0_91\jre\lib\ext;C:\windows\Sun\Java\lib\ext"/>
    <property name="sun.boot.class.path" value="C:\Program Files\Java\jdk1.8.0_91\jre\lib\resources.jar;C:\Program Files\Java\jdk1.8.0_91\jre\lib\rt.jar;C:\Program Files\Java\jdk1.8.0_91\jre\lib\sunrsasign.jar;C:\Program Files\Java\jdk1.8.0_91\jre\lib\jsse.jar;C:\Program Files\Java\jdk1.8.0_91\jre\lib\jce.jar;C:\Program Files\Java\jdk1.8.0_91\jre\lib\charsets.jar;C:\Program Files\Java\jdk1.8.0_91\jre\lib\jfr.jar;C:\Program Files\Java\jdk1.8.0_91\jre\classes"/>
    <property name="sun.stderr.encoding" value="cp437"/>
    <property name="java.vendor" value="Oracle Corporation"/>
    <property name="maven.home" value="C:\softwares\apache-maven-3.2.3"/>
    <property name="file.separator" value="\"/>
    <property name="java.vendor.url.bug" value="http://bugreport.sun.com/bugreport/"/>
    <property name="sun.cpu.endian" value="little"/>
    <property name="sun.io.unicode.encoding" value="UnicodeLittle"/>
    <property name="sun.stdout.encoding" value="cp437"/>
    <property name="sun.desktop" value="windows"/>
    <property name="sun.cpu.isalist" value="amd64"/>
  </properties>
  <testcase name="testFileNameMetaData" classname="us.deloitteinnovation.aca.batch.ingest.InputFileMetaDataTest" time="0">
    <skipped/>
    <system-out><![CDATA[15:32:43,886 |-INFO in ch.qos.logback.classic.LoggerContext[default] - Could NOT find resource [logback.groovy]
15:32:43,887 |-INFO in ch.qos.logback.classic.LoggerContext[default] - Could NOT find resource [logback-test.xml]
15:32:43,887 |-INFO in ch.qos.logback.classic.LoggerContext[default] - Found resource [logback.xml] at [file:/C:/PROJECTS/ACA1095B/1095b/aca-1095B-file-ingestion/target/classes/logback.xml]
15:32:44,096 |-INFO in ch.qos.logback.classic.joran.action.ConfigurationAction - debug attribute not set
15:32:44,120 |-INFO in ch.qos.logback.classic.joran.action.ConfigurationAction - Setting ReconfigureOnChangeFilter scanning period to 3 seconds
15:32:44,120 |-INFO in ReconfigureOnChangeFilter{invocationCounter=0} - Will scan for changes in [[C:\PROJECTS\ACA1095B\1095b\aca-1095B-file-ingestion\target\classes\logback.xml]] every 3 seconds. 
15:32:44,120 |-INFO in ch.qos.logback.classic.joran.action.ConfigurationAction - Adding ReconfigureOnChangeFilter as a turbo filter
15:32:44,125 |-INFO in ch.qos.logback.core.joran.action.AppenderAction - About to instantiate appender of type [ch.qos.logback.core.FileAppender]
15:32:44,139 |-INFO in ch.qos.logback.core.joran.action.AppenderAction - Naming appender as [IMPORTLOGFILE]
15:32:44,194 |-INFO in ch.qos.logback.core.joran.action.NestedComplexPropertyIA - Assuming default type [ch.qos.logback.classic.encoder.PatternLayoutEncoder] for [encoder] property
15:32:44,329 |-INFO in ch.qos.logback.core.FileAppender[IMPORTLOGFILE] - File property is set to [/var/log/aca1095b/aca_import_batch.log]
15:32:44,332 |-INFO in ch.qos.logback.core.joran.action.AppenderAction - About to instantiate appender of type [ch.qos.logback.core.rolling.RollingFileAppender]
15:32:44,334 |-INFO in ch.qos.logback.core.joran.action.AppenderAction - Naming appender as [IMPORTLOGFILE_ROLLING]
15:32:44,376 |-INFO in c.q.l.core.rolling.TimeBasedRollingPolicy - No compression will be used
15:32:44,381 |-INFO in c.q.l.core.rolling.TimeBasedRollingPolicy - Will use the pattern /var/log/aca1095b/aca_import_batch_rolling.%d.%i.log for the active file
15:32:44,388 |-INFO in ch.qos.logback.core.rolling.SizeAndTimeBasedFNATP@66ec9390 - The date pattern is 'yyyy-MM-dd' from file name pattern '/var/log/aca1095b/aca_import_batch_rolling.%d.%i.log'.
15:32:44,388 |-INFO in ch.qos.logback.core.rolling.SizeAndTimeBasedFNATP@66ec9390 - Roll-over at midnight.
15:32:44,394 |-INFO in ch.qos.logback.core.rolling.SizeAndTimeBasedFNATP@66ec9390 - Setting initial period to Wed Dec 21 14:45:32 IST 2016
15:32:44,400 |-INFO in ch.qos.logback.core.joran.action.NestedComplexPropertyIA - Assuming default type [ch.qos.logback.classic.encoder.PatternLayoutEncoder] for [encoder] property
15:32:44,406 |-INFO in ch.qos.logback.core.rolling.RollingFileAppender[IMPORTLOGFILE_ROLLING] - Active log file name: /var/log/aca1095b/aca_import_batch_rolling.log
15:32:44,406 |-INFO in ch.qos.logback.core.rolling.RollingFileAppender[IMPORTLOGFILE_ROLLING] - File property is set to [/var/log/aca1095b/aca_import_batch_rolling.log]
15:32:44,407 |-INFO in ch.qos.logback.core.joran.action.AppenderAction - About to instantiate appender of type [ch.qos.logback.core.FileAppender]
15:32:44,407 |-INFO in ch.qos.logback.core.joran.action.AppenderAction - Naming appender as [IMPORT-PROCESS-AUDIT-LOG-FILE]
15:32:44,408 |-INFO in ch.qos.logback.core.joran.action.NestedComplexPropertyIA - Assuming default type [ch.qos.logback.classic.encoder.PatternLayoutEncoder] for [encoder] property
15:32:44,409 |-INFO in ch.qos.logback.core.FileAppender[IMPORT-PROCESS-AUDIT-LOG-FILE] - File property is set to [/var/log/aca1095b/aca_import_batch_audit.log]
15:32:44,410 |-INFO in ch.qos.logback.classic.joran.action.LoggerAction - Setting level of logger [root] to ERROR
15:32:44,410 |-INFO in ch.qos.logback.core.joran.action.AppenderRefAction - Attaching appender named [IMPORTLOGFILE] to Logger[ROOT]
15:32:44,412 |-INFO in ch.qos.logback.core.joran.action.AppenderRefAction - Attaching appender named [IMPORTLOGFILE_ROLLING] to Logger[ROOT]
15:32:44,421 |-ERROR in ch.qos.logback.core.joran.spi.Interpreter@36:45 - no applicable action for [springProfile], current ElementPath  is [[configuration][springProfile]]
15:32:44,421 |-ERROR in ch.qos.logback.core.joran.spi.Interpreter@37:70 - no applicable action for [logger], current ElementPath  is [[configuration][springProfile][logger]]
15:32:44,421 |-ERROR in ch.qos.logback.core.joran.spi.Interpreter@38:58 - no applicable action for [logger], current ElementPath  is [[configuration][springProfile][logger]]
15:32:44,421 |-ERROR in ch.qos.logback.core.joran.spi.Interpreter@39:62 - no applicable action for [logger], current ElementPath  is [[configuration][springProfile][logger]]
15:32:44,421 |-ERROR in ch.qos.logback.core.joran.spi.Interpreter@40:64 - no applicable action for [logger], current ElementPath  is [[configuration][springProfile][logger]]
15:32:44,422 |-ERROR in ch.qos.logback.core.joran.spi.Interpreter@41:63 - no applicable action for [logger], current ElementPath  is [[configuration][springProfile][logger]]
15:32:44,422 |-ERROR in ch.qos.logback.core.joran.spi.Interpreter@42:57 - no applicable action for [logger], current ElementPath  is [[configuration][springProfile][logger]]
15:32:44,422 |-ERROR in ch.qos.logback.core.joran.spi.Interpreter@43:59 - no applicable action for [logger], current ElementPath  is [[configuration][springProfile][logger]]
15:32:44,422 |-ERROR in ch.qos.logback.core.joran.spi.Interpreter@44:73 - no applicable action for [logger], current ElementPath  is [[configuration][springProfile][logger]]
15:32:44,422 |-ERROR in ch.qos.logback.core.joran.spi.Interpreter@45:96 - no applicable action for [logger], current ElementPath  is [[configuration][springProfile][logger]]
15:32:44,422 |-ERROR in ch.qos.logback.core.joran.spi.Interpreter@46:64 - no applicable action for [appender-ref], current ElementPath  is [[configuration][springProfile][logger][appender-ref]]
15:32:44,423 |-ERROR in ch.qos.logback.core.joran.spi.Interpreter@50:47 - no applicable action for [springProfile], current ElementPath  is [[configuration][springProfile]]
15:32:44,423 |-ERROR in ch.qos.logback.core.joran.spi.Interpreter@51:70 - no applicable action for [logger], current ElementPath  is [[configuration][springProfile][logger]]
15:32:44,423 |-ERROR in ch.qos.logback.core.joran.spi.Interpreter@52:58 - no applicable action for [logger], current ElementPath  is [[configuration][springProfile][logger]]
15:32:44,423 |-ERROR in ch.qos.logback.core.joran.spi.Interpreter@53:62 - no applicable action for [logger], current ElementPath  is [[configuration][springProfile][logger]]
15:32:44,423 |-ERROR in ch.qos.logback.core.joran.spi.Interpreter@54:64 - no applicable action for [logger], current ElementPath  is [[configuration][springProfile][logger]]
15:32:44,423 |-ERROR in ch.qos.logback.core.joran.spi.Interpreter@55:63 - no applicable action for [logger], current ElementPath  is [[configuration][springProfile][logger]]
15:32:44,423 |-ERROR in ch.qos.logback.core.joran.spi.Interpreter@56:57 - no applicable action for [logger], current ElementPath  is [[configuration][springProfile][logger]]
15:32:44,424 |-ERROR in ch.qos.logback.core.joran.spi.Interpreter@57:59 - no applicable action for [logger], current ElementPath  is [[configuration][springProfile][logger]]
15:32:44,424 |-ERROR in ch.qos.logback.core.joran.spi.Interpreter@58:73 - no applicable action for [logger], current ElementPath  is [[configuration][springProfile][logger]]
15:32:44,424 |-ERROR in ch.qos.logback.core.joran.spi.Interpreter@59:96 - no applicable action for [logger], current ElementPath  is [[configuration][springProfile][logger]]
15:32:44,424 |-ERROR in ch.qos.logback.core.joran.spi.Interpreter@60:64 - no applicable action for [appender-ref], current ElementPath  is [[configuration][springProfile][logger][appender-ref]]
15:32:44,424 |-INFO in ch.qos.logback.classic.joran.action.ConfigurationAction - End of configuration.
15:32:44,426 |-INFO in ch.qos.logback.classic.joran.JoranConfigurator@6e91893 - Registering current configuration as safe fallback point

]]></system-out>
    <system-err><![CDATA[SLF4J: Class path contains multiple SLF4J bindings.
SLF4J: Found binding in [jar:file:/C:/Users/rbongurala/.m2/repository/ch/qos/logback/logback-classic/1.1.5/logback-classic-1.1.5.jar!/org/slf4j/impl/StaticLoggerBinder.class]
SLF4J: Found binding in [jar:file:/C:/Users/rbongurala/.m2/repository/org/slf4j/slf4j-log4j12/1.7.16/slf4j-log4j12-1.7.16.jar!/org/slf4j/impl/StaticLoggerBinder.class]
SLF4J: See http://www.slf4j.org/codes.html#multiple_bindings for an explanation.
SLF4J: Actual binding is of type [ch.qos.logback.classic.util.ContextSelectorStaticBinder]
]]></system-err>
  </testcase>
</testsuite>