<?xml version="1.0" encoding="UTF-8"?>
<testsuite name="us.deloitteinnovation.aca.batch.ingest.step2.Step2VerifyProviderInformationChangesTest" time="1.491" tests="86" errors="0" skipped="1" failures="0">
  <properties>
    <property name="java.runtime.name" value="Java(TM) SE Runtime Environment"/>
    <property name="sun.boot.library.path" value="C:\Program Files\Java\jdk1.8.0_91\jre\bin"/>
    <property name="java.vm.version" value="25.91-b15"/>
    <property name="java.vm.vendor" value="Oracle Corporation"/>
    <property name="java.vendor.url" value="http://java.oracle.com/"/>
    <property name="path.separator" value=";"/>
    <property name="guice.disable.misplaced.annotation.check" value="true"/>
    <property name="java.vm.name" value="Java HotSpot(TM) 64-Bit Server VM"/>
    <property name="file.encoding.pkg" value="sun.io"/>
    <property name="user.script" value=""/>
    <property name="user.country" value="IN"/>
    <property name="sun.java.launcher" value="SUN_STANDARD"/>
    <property name="sun.os.patch.level" value="Service Pack 1"/>
    <property name="java.vm.specification.name" value="Java Virtual Machine Specification"/>
    <property name="user.dir" value="C:\PROJECTS\ACA1095B\1095b"/>
    <property name="java.runtime.version" value="1.8.0_91-b15"/>
    <property name="java.awt.graphicsenv" value="sun.awt.Win32GraphicsEnvironment"/>
    <property name="java.endorsed.dirs" value="C:\Program Files\Java\jdk1.8.0_91\jre\lib\endorsed"/>
    <property name="os.arch" value="amd64"/>
    <property name="java.io.tmpdir" value="C:\Users\RBONGU~1\AppData\Local\Temp\"/>
    <property name="line.separator" value="&#10;"/>
    <property name="java.vm.specification.vendor" value="Oracle Corporation"/>
    <property name="user.variant" value=""/>
    <property name="os.name" value="Windows 7"/>
    <property name="classworlds.conf" value="C:\softwares\apache-maven-3.2.3\bin\m2.conf"/>
    <property name="sun.jnu.encoding" value="Cp1252"/>
    <property name="java.library.path" value="C:\Program Files\Java\jdk1.8.0_91\bin;C:\windows\Sun\Java\bin;C:\windows\system32;C:\windows;C:\Program Files\Java\jdk1.8.0_91\bin;C:\ProgramData\Oracle\Java\javapath;C:\Program Files\Common Files\Microsoft Shared\Windows Live;C:\Program Files (x86)\Common Files\Microsoft Shared\Windows Live;c:\Program Files (x86)\Intel\iCLS Client\;c:\Program Files\Intel\iCLS Client\;C:\Program Files\Broadcom\Broadcom 802.11;C:\windows\system32;C:\windows;C:\windows\System32\Wbem;C:\windows\System32\WindowsPowerShell\v1.0\;c:\Program Files\WIDCOMM\Bluetooth Software\;c:\Program Files\WIDCOMM\Bluetooth Software\syswow64;C:\Program Files\Intel\Intel(R) Management Engine Components\DAL;C:\Program Files\Intel\Intel(R) Management Engine Components\IPT;C:\Program Files (x86)\Intel\Intel(R) Management Engine Components\DAL;C:\Program Files (x86)\Intel\Intel(R) Management Engine Components\IPT;C:\Program Files (x86)\Windows Live\Shared;C:\Program Files\TortoiseGit\bin;C:\softwares\apache-maven-3.2.3\bin;C:\Program Files (x86)\Git\bin;C:\Program Files (x86)\Bitvise SSH Client;C:\Apache24\bin;C:\Program Files (x86)\MIT\Kerberos\bin;C:\Program Files (x86)\GnuWin32\bin;C:\Projects\sonar-runner-2.4\bin;C:\softwares\software office\sonarqube-6.1\bin\windows-x86-64;C:\Program Files (x86)\Skype\Phone\;C:\Program Files (x86)\scala\bin;C:\softwares\ruby-2.3.1;C:\Program Files\nodejs\;C:\softwares\play\activator-dist-1.3.10\bin;C:\softwares\play\play-2.2.6;c:\Program Files (x86)\Microsoft SQL Server\110\Tools\Binn\ManagementStudio\;c:\Program Files (x86)\Microsoft SQL Server\110\Tools\Binn\;c:\Program Files (x86)\Microsoft SQL Server\110\DTS\Binn\;C:\Ruby23-x64\bin;C:\Users\rbongurala\AppData\Roaming\npm;."/>
    <property name="java.specification.name" value="Java Platform API Specification"/>
    <property name="java.class.version" value="52.0"/>
    <property name="sun.management.compiler" value="HotSpot 64-Bit Tiered Compilers"/>
    <property name="os.version" value="6.1"/>
    <property name="user.home" value="C:\Users\rbongurala"/>
    <property name="user.timezone" value="Asia/Calcutta"/>
    <property name="java.awt.printerjob" value="sun.awt.windows.WPrinterJob"/>
    <property name="java.specification.version" value="1.8"/>
    <property name="file.encoding" value="Cp1252"/>
    <property name="user.name" value="rbongurala"/>
    <property name="java.class.path" value="C:\softwares\apache-maven-3.2.3\boot\plexus-classworlds-2.5.1.jar"/>
    <property name="java.vm.specification.version" value="1.8"/>
    <property name="sun.arch.data.model" value="64"/>
    <property name="java.home" value="C:\Program Files\Java\jdk1.8.0_91\jre"/>
    <property name="sun.java.command" value="org.codehaus.plexus.classworlds.launcher.Launcher clean install sonar:sonar"/>
    <property name="java.specification.vendor" value="Oracle Corporation"/>
    <property name="user.language" value="en"/>
    <property name="awt.toolkit" value="sun.awt.windows.WToolkit"/>
    <property name="java.vm.info" value="mixed mode"/>
    <property name="java.version" value="1.8.0_91"/>
    <property name="java.ext.dirs" value="C:\Program Files\Java\jdk1.8.0_91\jre\lib\ext;C:\windows\Sun\Java\lib\ext"/>
    <property name="sun.boot.class.path" value="C:\Program Files\Java\jdk1.8.0_91\jre\lib\resources.jar;C:\Program Files\Java\jdk1.8.0_91\jre\lib\rt.jar;C:\Program Files\Java\jdk1.8.0_91\jre\lib\sunrsasign.jar;C:\Program Files\Java\jdk1.8.0_91\jre\lib\jsse.jar;C:\Program Files\Java\jdk1.8.0_91\jre\lib\jce.jar;C:\Program Files\Java\jdk1.8.0_91\jre\lib\charsets.jar;C:\Program Files\Java\jdk1.8.0_91\jre\lib\jfr.jar;C:\Program Files\Java\jdk1.8.0_91\jre\classes"/>
    <property name="sun.stderr.encoding" value="cp437"/>
    <property name="java.vendor" value="Oracle Corporation"/>
    <property name="maven.home" value="C:\softwares\apache-maven-3.2.3"/>
    <property name="file.separator" value="\"/>
    <property name="java.vendor.url.bug" value="http://bugreport.sun.com/bugreport/"/>
    <property name="sun.cpu.endian" value="little"/>
    <property name="sun.io.unicode.encoding" value="UnicodeLittle"/>
    <property name="sun.stdout.encoding" value="cp437"/>
    <property name="sun.desktop" value="windows"/>
    <property name="sun.cpu.isalist" value="amd64"/>
  </properties>
  <testcase name="testProviderContactNumberWithSpChar" classname="us.deloitteinnovation.aca.batch.ingest.step2.Step2VerifyProviderInformationChangesTest" time="0.014"/>
  <testcase name="testProviderZipWithNumbers" classname="us.deloitteinnovation.aca.batch.ingest.step2.Step2VerifyProviderInformationChangesTest" time="0.017"/>
  <testcase name="testCountryWithAllLetters25Characters" classname="us.deloitteinnovation.aca.batch.ingest.step2.Step2VerifyProviderInformationChangesTest" time="0.02"/>
  <testcase name="testStateWithLessThan25Chars" classname="us.deloitteinnovation.aca.batch.ingest.step2.Step2VerifyProviderInformationChangesTest" time="0.022"/>
  <testcase name="testCityWithMoreThan22Chars" classname="us.deloitteinnovation.aca.batch.ingest.step2.Step2VerifyProviderInformationChangesTest" time="0.013"/>
  <testcase name="testProviderZipWith9AlphaNum" classname="us.deloitteinnovation.aca.batch.ingest.step2.Step2VerifyProviderInformationChangesTest" time="0.023"/>
  <testcase name="testEinWith10Chars" classname="us.deloitteinnovation.aca.batch.ingest.step2.Step2VerifyProviderInformationChangesTest" time="0.015"/>
  <testcase name="testProviderZipWith2Zeros" classname="us.deloitteinnovation.aca.batch.ingest.step2.Step2VerifyProviderInformationChangesTest" time="0.017"/>
  <testcase name="testNullProviderName" classname="us.deloitteinnovation.aca.batch.ingest.step2.Step2VerifyProviderInformationChangesTest" time="0.016"/>
  <testcase name="testProviderZipWith3Zeros" classname="us.deloitteinnovation.aca.batch.ingest.step2.Step2VerifyProviderInformationChangesTest" time="0.015"/>
  <testcase name="testProviderZipWith5Zeros" classname="us.deloitteinnovation.aca.batch.ingest.step2.Step2VerifyProviderInformationChangesTest" time="0.016"/>
  <testcase name="testProviderZipWith5Numbers" classname="us.deloitteinnovation.aca.batch.ingest.step2.Step2VerifyProviderInformationChangesTest" time="0.046"/>
  <testcase name="testProviderZipWith6Zeros" classname="us.deloitteinnovation.aca.batch.ingest.step2.Step2VerifyProviderInformationChangesTest" time="0.014"/>
  <testcase name="testStateWithValidStateCodeLowerCase" classname="us.deloitteinnovation.aca.batch.ingest.step2.Step2VerifyProviderInformationChangesTest" time="0.015"/>
  <testcase name="testProviderNameWithNumAndSpecialChars" classname="us.deloitteinnovation.aca.batch.ingest.step2.Step2VerifyProviderInformationChangesTest" time="0.017"/>
  <testcase name="testEinWithSpaces" classname="us.deloitteinnovation.aca.batch.ingest.step2.Step2VerifyProviderInformationChangesTest" time="0.015"/>
  <testcase name="testProvidernameWithLessThan75Chars" classname="us.deloitteinnovation.aca.batch.ingest.step2.Step2VerifyProviderInformationChangesTest" time="0.015"/>
  <testcase name="testProviderNameWithNumbers" classname="us.deloitteinnovation.aca.batch.ingest.step2.Step2VerifyProviderInformationChangesTest" time="0.015"/>
  <testcase name="testEinWithCorrectFormatHavingHyphenAtRightPlace" classname="us.deloitteinnovation.aca.batch.ingest.step2.Step2VerifyProviderInformationChangesTest" time="0.018"/>
  <testcase name="testProvidernameWith75Chars" classname="us.deloitteinnovation.aca.batch.ingest.step2.Step2VerifyProviderInformationChangesTest" time="0.019"/>
  <testcase name="testEinWithCorrectFormatHavingHyphenAtRightPlaceMoreThan10Chars" classname="us.deloitteinnovation.aca.batch.ingest.step2.Step2VerifyProviderInformationChangesTest" time="0.022"/>
  <testcase name="testNullCity" classname="us.deloitteinnovation.aca.batch.ingest.step2.Step2VerifyProviderInformationChangesTest" time="0.022"/>
  <testcase name="testProviderContactNumberWithNumbers" classname="us.deloitteinnovation.aca.batch.ingest.step2.Step2VerifyProviderInformationChangesTest" time="0.017"/>
  <testcase name="testProviderNameWithSpecialCharsAndAlpha" classname="us.deloitteinnovation.aca.batch.ingest.step2.Step2VerifyProviderInformationChangesTest" time="0.02"/>
  <testcase name="testStateWithValidStateCode" classname="us.deloitteinnovation.aca.batch.ingest.step2.Step2VerifyProviderInformationChangesTest" time="0.018"/>
  <testcase name="testProviderContactNumberWithMoreThan10Chars" classname="us.deloitteinnovation.aca.batch.ingest.step2.Step2VerifyProviderInformationChangesTest" time="0.024"/>
  <testcase name="testProviderNameWithSpace" classname="us.deloitteinnovation.aca.batch.ingest.step2.Step2VerifyProviderInformationChangesTest" time="0.02"/>
  <testcase name="testCityWithLessThan22Chars" classname="us.deloitteinnovation.aca.batch.ingest.step2.Step2VerifyProviderInformationChangesTest" time="0.019"/>
  <testcase name="testProviderNameWithNumAndSpecialCharsWith75Chars" classname="us.deloitteinnovation.aca.batch.ingest.step2.Step2VerifyProviderInformationChangesTest" time="0.023"/>
  <testcase name="testProviderZipWithNullValue" classname="us.deloitteinnovation.aca.batch.ingest.step2.Step2VerifyProviderInformationChangesTest" time="0.018"/>
  <testcase name="testProviderZipWithSpaces" classname="us.deloitteinnovation.aca.batch.ingest.step2.Step2VerifyProviderInformationChangesTest" time="0.021"/>
  <testcase name="testProviderNameWithNumAndSpecialCharsMoreThan75Chars" classname="us.deloitteinnovation.aca.batch.ingest.step2.Step2VerifyProviderInformationChangesTest" time="0.025"/>
  <testcase name="testProviderZipWith10Numbers" classname="us.deloitteinnovation.aca.batch.ingest.step2.Step2VerifyProviderInformationChangesTest" time="0.019"/>
  <testcase name="testProviderNameWithNumAndSpecialCharsAndAlpha" classname="us.deloitteinnovation.aca.batch.ingest.step2.Step2VerifyProviderInformationChangesTest" time="0.016"/>
  <testcase name="testProviderNameWithDoubleDash" classname="us.deloitteinnovation.aca.batch.ingest.step2.Step2VerifyProviderInformationChangesTest" time="0.026"/>
  <testcase name="testProviderContactNumberWithLessThan10Chars" classname="us.deloitteinnovation.aca.batch.ingest.step2.Step2VerifyProviderInformationChangesTest" time="0.015"/>
  <testcase name="testProviderNameWithNumAndSpecialCharsWith75CharsAndAlpha" classname="us.deloitteinnovation.aca.batch.ingest.step2.Step2VerifyProviderInformationChangesTest" time="0.017"/>
  <testcase name="testProviderNameWithAllowedSpCharsAlphaNum" classname="us.deloitteinnovation.aca.batch.ingest.step2.Step2VerifyProviderInformationChangesTest" time="0.017"/>
  <testcase name="testCityWith22Chars" classname="us.deloitteinnovation.aca.batch.ingest.step2.Step2VerifyProviderInformationChangesTest" time="0.017"/>
  <testcase name="testEinWithCorrectFormatMoreThan10Chars" classname="us.deloitteinnovation.aca.batch.ingest.step2.Step2VerifyProviderInformationChangesTest" time="0.021"/>
  <testcase name="testProviderNameWithRestrictedSpCharsAlphaNum" classname="us.deloitteinnovation.aca.batch.ingest.step2.Step2VerifyProviderInformationChangesTest" time="0.017"/>
  <testcase name="testProviderContactNumberWithNumbersMoreThan10Digits" classname="us.deloitteinnovation.aca.batch.ingest.step2.Step2VerifyProviderInformationChangesTest" time="0.018"/>
  <testcase name="testCountryWithAllSpecialCharacters" classname="us.deloitteinnovation.aca.batch.ingest.step2.Step2VerifyProviderInformationChangesTest" time="0.017"/>
  <testcase name="testCityWithAllowedSpecialCharsAndAlphaHavingMoreThan22Chars" classname="us.deloitteinnovation.aca.batch.ingest.step2.Step2VerifyProviderInformationChangesTest" time="0.016"/>
  <testcase name="testCityWithAllowedSpecialCharsAndAlpha" classname="us.deloitteinnovation.aca.batch.ingest.step2.Step2VerifyProviderInformationChangesTest" time="0.014"/>
  <testcase name="testNullProviderContactNumberWithSpace" classname="us.deloitteinnovation.aca.batch.ingest.step2.Step2VerifyProviderInformationChangesTest" time="0.018"/>
  <testcase name="testEinWithSpace" classname="us.deloitteinnovation.aca.batch.ingest.step2.Step2VerifyProviderInformationChangesTest" time="0.013"/>
  <testcase name="testProviderNameWithSpaces" classname="us.deloitteinnovation.aca.batch.ingest.step2.Step2VerifyProviderInformationChangesTest" time="0.015"/>
  <testcase name="testProviderNameWithDoubleDashAlphaNum" classname="us.deloitteinnovation.aca.batch.ingest.step2.Step2VerifyProviderInformationChangesTest" time="0.017"/>
  <testcase name="testProviderZipWith6Numbers" classname="us.deloitteinnovation.aca.batch.ingest.step2.Step2VerifyProviderInformationChangesTest" time="0.014"/>
  <testcase name="testProviderNameWithSpecialChars" classname="us.deloitteinnovation.aca.batch.ingest.step2.Step2VerifyProviderInformationChangesTest" time="0.016"/>
  <testcase name="testEinWithMoreThan10Chars" classname="us.deloitteinnovation.aca.batch.ingest.step2.Step2VerifyProviderInformationChangesTest" time="0.02"/>
  <testcase name="testEinWithCorrectFormatHavingHyphenAtWrongPlace" classname="us.deloitteinnovation.aca.batch.ingest.step2.Step2VerifyProviderInformationChangesTest" time="0.015"/>
  <testcase name="testProviderNameWithNumAndSpecialCharsMoreThan75CharsAndAlpha" classname="us.deloitteinnovation.aca.batch.ingest.step2.Step2VerifyProviderInformationChangesTest" time="0.017"/>
  <testcase name="testCountryWithAllNumbers" classname="us.deloitteinnovation.aca.batch.ingest.step2.Step2VerifyProviderInformationChangesTest" time="0.018"/>
  <testcase name="testStateWithInValidStateCodeLowercase" classname="us.deloitteinnovation.aca.batch.ingest.step2.Step2VerifyProviderInformationChangesTest" time="0.013"/>
  <testcase name="testCityWithNumbers" classname="us.deloitteinnovation.aca.batch.ingest.step2.Step2VerifyProviderInformationChangesTest" time="0.013"/>
  <testcase name="testCountryWithAllLettersMoreThan25Characters" classname="us.deloitteinnovation.aca.batch.ingest.step2.Step2VerifyProviderInformationChangesTest" time="0.015"/>
  <testcase name="testCountryWithMoreThan25Chars" classname="us.deloitteinnovation.aca.batch.ingest.step2.Step2VerifyProviderInformationChangesTest" time="0.017"/>
  <testcase name="testNullProviderContactNumber" classname="us.deloitteinnovation.aca.batch.ingest.step2.Step2VerifyProviderInformationChangesTest" time="0.019"/>
  <testcase name="testStateWithInValidStateCode" classname="us.deloitteinnovation.aca.batch.ingest.step2.Step2VerifyProviderInformationChangesTest" time="0.016"/>
  <testcase name="testEinWithCorrectFormat" classname="us.deloitteinnovation.aca.batch.ingest.step2.Step2VerifyProviderInformationChangesTest" time="0.017"/>
  <testcase name="testEinWithLessThan10Chars" classname="us.deloitteinnovation.aca.batch.ingest.step2.Step2VerifyProviderInformationChangesTest" time="0.01"/>
  <testcase name="testStateWithSpaces" classname="us.deloitteinnovation.aca.batch.ingest.step2.Step2VerifyProviderInformationChangesTest" time="0.017"/>
  <testcase name="testProviderZipWith9Numbers" classname="us.deloitteinnovation.aca.batch.ingest.step2.Step2VerifyProviderInformationChangesTest" time="0.016"/>
  <testcase name="testProviderZipWith5AlphaNum" classname="us.deloitteinnovation.aca.batch.ingest.step2.Step2VerifyProviderInformationChangesTest" time="0.012"/>
  <testcase name="testProviderContactNumberWith10Chars" classname="us.deloitteinnovation.aca.batch.ingest.step2.Step2VerifyProviderInformationChangesTest" time="0.015"/>
  <testcase name="testCityWithSpecialChars" classname="us.deloitteinnovation.aca.batch.ingest.step2.Step2VerifyProviderInformationChangesTest" time="0.013"/>
  <testcase name="testNullProviderContactNumberWithSpaces" classname="us.deloitteinnovation.aca.batch.ingest.step2.Step2VerifyProviderInformationChangesTest" time="0.014"/>
  <testcase name="testCountryWithLessThan25Chars" classname="us.deloitteinnovation.aca.batch.ingest.step2.Step2VerifyProviderInformationChangesTest" time="0.016"/>
  <testcase name="testCityWithNotAllowedSpecialCharsAndAlpha" classname="us.deloitteinnovation.aca.batch.ingest.step2.Step2VerifyProviderInformationChangesTest" time="0.022"/>
  <testcase name="testProviderNameWithNumbersAndAlpha" classname="us.deloitteinnovation.aca.batch.ingest.step2.Step2VerifyProviderInformationChangesTest" time="0.015"/>
  <testcase name="testCountryWith25Chars" classname="us.deloitteinnovation.aca.batch.ingest.step2.Step2VerifyProviderInformationChangesTest" time="0.018"/>
  <testcase name="testProviderZipWithNonNumbers" classname="us.deloitteinnovation.aca.batch.ingest.step2.Step2VerifyProviderInformationChangesTest" time="0.018"/>
  <testcase name="testStateWith25Chars" classname="us.deloitteinnovation.aca.batch.ingest.step2.Step2VerifyProviderInformationChangesTest" time="0.019"/>
  <testcase name="testStateWithMoreThan25Chars" classname="us.deloitteinnovation.aca.batch.ingest.step2.Step2VerifyProviderInformationChangesTest" time="0.02"/>
  <testcase name="testNullState" classname="us.deloitteinnovation.aca.batch.ingest.step2.Step2VerifyProviderInformationChangesTest" time="0.018"/>
  <testcase name="testProviderNameWithRestrictedSpChars" classname="us.deloitteinnovation.aca.batch.ingest.step2.Step2VerifyProviderInformationChangesTest" time="0.021"/>
  <testcase name="testCountryWithAllLettersLessThan25Characters" classname="us.deloitteinnovation.aca.batch.ingest.step2.Step2VerifyProviderInformationChangesTest" time="0.017"/>
  <testcase name="testCityWithSpace" classname="us.deloitteinnovation.aca.batch.ingest.step2.Step2VerifyProviderInformationChangesTest" time="0.016"/>
  <testcase name="testNullEin" classname="us.deloitteinnovation.aca.batch.ingest.step2.Step2VerifyProviderInformationChangesTest" time="0.019"/>
  <testcase name="testNullCountry" classname="us.deloitteinnovation.aca.batch.ingest.step2.Step2VerifyProviderInformationChangesTest" time="0.019"/>
  <testcase name="testProviderContactNumberWithNumbersHaving10Digits" classname="us.deloitteinnovation.aca.batch.ingest.step2.Step2VerifyProviderInformationChangesTest" time="0.02"/>
  <testcase name="testProvidernameWithMoreThan75Chars" classname="us.deloitteinnovation.aca.batch.ingest.step2.Step2VerifyProviderInformationChangesTest" time="0.02"/>
  <testcase name="testProcess" classname="us.deloitteinnovation.aca.batch.ingest.step2.Step2VerifyProviderInformationChangesTest" time="0">
    <skipped message="Needs some ground work. Ignoring it for now"/>
  </testcase>
  <testcase name="testMinimal" classname="us.deloitteinnovation.aca.batch.ingest.step2.Step2VerifyProviderInformationChangesTest" time="0.002"/>
</testsuite>