<?xml version="1.0" encoding="UTF-8"?>
<testsuite name="us.deloitteinnovation.aca.batch.ingest.step2.Step2VerifyInsuranceCoverageInformationTest" time="0.481" tests="61" errors="0" skipped="1" failures="0">
  <properties>
    <property name="java.runtime.name" value="Java(TM) SE Runtime Environment"/>
    <property name="sun.boot.library.path" value="C:\Program Files\Java\jdk1.8.0_91\jre\bin"/>
    <property name="java.vm.version" value="25.91-b15"/>
    <property name="java.vm.vendor" value="Oracle Corporation"/>
    <property name="java.vendor.url" value="http://java.oracle.com/"/>
    <property name="path.separator" value=";"/>
    <property name="guice.disable.misplaced.annotation.check" value="true"/>
    <property name="java.vm.name" value="Java HotSpot(TM) 64-Bit Server VM"/>
    <property name="file.encoding.pkg" value="sun.io"/>
    <property name="user.script" value=""/>
    <property name="user.country" value="IN"/>
    <property name="sun.java.launcher" value="SUN_STANDARD"/>
    <property name="sun.os.patch.level" value="Service Pack 1"/>
    <property name="java.vm.specification.name" value="Java Virtual Machine Specification"/>
    <property name="user.dir" value="C:\PROJECTS\ACA1095B\1095b"/>
    <property name="java.runtime.version" value="1.8.0_91-b15"/>
    <property name="java.awt.graphicsenv" value="sun.awt.Win32GraphicsEnvironment"/>
    <property name="java.endorsed.dirs" value="C:\Program Files\Java\jdk1.8.0_91\jre\lib\endorsed"/>
    <property name="os.arch" value="amd64"/>
    <property name="java.io.tmpdir" value="C:\Users\RBONGU~1\AppData\Local\Temp\"/>
    <property name="line.separator" value="&#10;"/>
    <property name="java.vm.specification.vendor" value="Oracle Corporation"/>
    <property name="user.variant" value=""/>
    <property name="os.name" value="Windows 7"/>
    <property name="classworlds.conf" value="C:\softwares\apache-maven-3.2.3\bin\m2.conf"/>
    <property name="sun.jnu.encoding" value="Cp1252"/>
    <property name="java.library.path" value="C:\Program Files\Java\jdk1.8.0_91\bin;C:\windows\Sun\Java\bin;C:\windows\system32;C:\windows;C:\Program Files\Java\jdk1.8.0_91\bin;C:\ProgramData\Oracle\Java\javapath;C:\Program Files\Common Files\Microsoft Shared\Windows Live;C:\Program Files (x86)\Common Files\Microsoft Shared\Windows Live;c:\Program Files (x86)\Intel\iCLS Client\;c:\Program Files\Intel\iCLS Client\;C:\Program Files\Broadcom\Broadcom 802.11;C:\windows\system32;C:\windows;C:\windows\System32\Wbem;C:\windows\System32\WindowsPowerShell\v1.0\;c:\Program Files\WIDCOMM\Bluetooth Software\;c:\Program Files\WIDCOMM\Bluetooth Software\syswow64;C:\Program Files\Intel\Intel(R) Management Engine Components\DAL;C:\Program Files\Intel\Intel(R) Management Engine Components\IPT;C:\Program Files (x86)\Intel\Intel(R) Management Engine Components\DAL;C:\Program Files (x86)\Intel\Intel(R) Management Engine Components\IPT;C:\Program Files (x86)\Windows Live\Shared;C:\Program Files\TortoiseGit\bin;C:\softwares\apache-maven-3.2.3\bin;C:\Program Files (x86)\Git\bin;C:\Program Files (x86)\Bitvise SSH Client;C:\Apache24\bin;C:\Program Files (x86)\MIT\Kerberos\bin;C:\Program Files (x86)\GnuWin32\bin;C:\Projects\sonar-runner-2.4\bin;C:\softwares\software office\sonarqube-6.1\bin\windows-x86-64;C:\Program Files (x86)\Skype\Phone\;C:\Program Files (x86)\scala\bin;C:\softwares\ruby-2.3.1;C:\Program Files\nodejs\;C:\softwares\play\activator-dist-1.3.10\bin;C:\softwares\play\play-2.2.6;c:\Program Files (x86)\Microsoft SQL Server\110\Tools\Binn\ManagementStudio\;c:\Program Files (x86)\Microsoft SQL Server\110\Tools\Binn\;c:\Program Files (x86)\Microsoft SQL Server\110\DTS\Binn\;C:\Ruby23-x64\bin;C:\Users\rbongurala\AppData\Roaming\npm;."/>
    <property name="java.specification.name" value="Java Platform API Specification"/>
    <property name="java.class.version" value="52.0"/>
    <property name="sun.management.compiler" value="HotSpot 64-Bit Tiered Compilers"/>
    <property name="os.version" value="6.1"/>
    <property name="user.home" value="C:\Users\rbongurala"/>
    <property name="user.timezone" value="Asia/Calcutta"/>
    <property name="java.awt.printerjob" value="sun.awt.windows.WPrinterJob"/>
    <property name="java.specification.version" value="1.8"/>
    <property name="file.encoding" value="Cp1252"/>
    <property name="user.name" value="rbongurala"/>
    <property name="java.class.path" value="C:\softwares\apache-maven-3.2.3\boot\plexus-classworlds-2.5.1.jar"/>
    <property name="java.vm.specification.version" value="1.8"/>
    <property name="sun.arch.data.model" value="64"/>
    <property name="java.home" value="C:\Program Files\Java\jdk1.8.0_91\jre"/>
    <property name="sun.java.command" value="org.codehaus.plexus.classworlds.launcher.Launcher clean install sonar:sonar"/>
    <property name="java.specification.vendor" value="Oracle Corporation"/>
    <property name="user.language" value="en"/>
    <property name="awt.toolkit" value="sun.awt.windows.WToolkit"/>
    <property name="java.vm.info" value="mixed mode"/>
    <property name="java.version" value="1.8.0_91"/>
    <property name="java.ext.dirs" value="C:\Program Files\Java\jdk1.8.0_91\jre\lib\ext;C:\windows\Sun\Java\lib\ext"/>
    <property name="sun.boot.class.path" value="C:\Program Files\Java\jdk1.8.0_91\jre\lib\resources.jar;C:\Program Files\Java\jdk1.8.0_91\jre\lib\rt.jar;C:\Program Files\Java\jdk1.8.0_91\jre\lib\sunrsasign.jar;C:\Program Files\Java\jdk1.8.0_91\jre\lib\jsse.jar;C:\Program Files\Java\jdk1.8.0_91\jre\lib\jce.jar;C:\Program Files\Java\jdk1.8.0_91\jre\lib\charsets.jar;C:\Program Files\Java\jdk1.8.0_91\jre\lib\jfr.jar;C:\Program Files\Java\jdk1.8.0_91\jre\classes"/>
    <property name="sun.stderr.encoding" value="cp437"/>
    <property name="java.vendor" value="Oracle Corporation"/>
    <property name="maven.home" value="C:\softwares\apache-maven-3.2.3"/>
    <property name="file.separator" value="\"/>
    <property name="java.vendor.url.bug" value="http://bugreport.sun.com/bugreport/"/>
    <property name="sun.cpu.endian" value="little"/>
    <property name="sun.io.unicode.encoding" value="UnicodeLittle"/>
    <property name="sun.stdout.encoding" value="cp437"/>
    <property name="sun.desktop" value="windows"/>
    <property name="sun.cpu.isalist" value="amd64"/>
  </properties>
  <testcase name="testOriginalCoverageBeginDateWithAll6s" classname="us.deloitteinnovation.aca.batch.ingest.step2.Step2VerifyInsuranceCoverageInformationTest" time="0"/>
  <testcase name="testOriginalCoverageBeginDateWithAll9s" classname="us.deloitteinnovation.aca.batch.ingest.step2.Step2VerifyInsuranceCoverageInformationTest" time="0"/>
  <testcase name="testProgramNameWithSpecialCharAndAlpha" classname="us.deloitteinnovation.aca.batch.ingest.step2.Step2VerifyInsuranceCoverageInformationTest" time="0"/>
  <testcase name="testPolicyOriginWith1AllowedCharacter" classname="us.deloitteinnovation.aca.batch.ingest.step2.Step2VerifyInsuranceCoverageInformationTest" time="0.011"/>
  <testcase name="testProgramNameWithAlphaNum" classname="us.deloitteinnovation.aca.batch.ingest.step2.Step2VerifyInsuranceCoverageInformationTest" time="0.008"/>
  <testcase name="testCoverageTaxYearEqualsTaxYear" classname="us.deloitteinnovation.aca.batch.ingest.step2.Step2VerifyInsuranceCoverageInformationTest" time="0.003"/>
  <testcase name="testOriginalCoverageBeginDateWithLessThan8Chars" classname="us.deloitteinnovation.aca.batch.ingest.step2.Step2VerifyInsuranceCoverageInformationTest" time="0.008"/>
  <testcase name="testProgramNameWithSpecialCharactersAndNumbers" classname="us.deloitteinnovation.aca.batch.ingest.step2.Step2VerifyInsuranceCoverageInformationTest" time="0.01"/>
  <testcase name="testOriginalCoverageBeginDateWithMoreThan8Chars" classname="us.deloitteinnovation.aca.batch.ingest.step2.Step2VerifyInsuranceCoverageInformationTest" time="0.007"/>
  <testcase name="testOriginalCoverageBeginDateWith8Chars" classname="us.deloitteinnovation.aca.batch.ingest.step2.Step2VerifyInsuranceCoverageInformationTest" time="0.007"/>
  <testcase name="testCoverageTaxYearWithNullTaxYear" classname="us.deloitteinnovation.aca.batch.ingest.step2.Step2VerifyInsuranceCoverageInformationTest" time="0.003"/>
  <testcase name="testOriginalCoverageEndDateWithMoreThan8Chars" classname="us.deloitteinnovation.aca.batch.ingest.step2.Step2VerifyInsuranceCoverageInformationTest" time="0.006"/>
  <testcase name="testNullShopIdentifier" classname="us.deloitteinnovation.aca.batch.ingest.step2.Step2VerifyInsuranceCoverageInformationTest" time="0.016"/>
  <testcase name="testCoverageForSameMonthAsDOB" classname="us.deloitteinnovation.aca.batch.ingest.step2.Step2VerifyInsuranceCoverageInformationTest" time="0.003"/>
  <testcase name="testShopIdentifierWithSpace" classname="us.deloitteinnovation.aca.batch.ingest.step2.Step2VerifyInsuranceCoverageInformationTest" time="0.018"/>
  <testcase name="testOriginalCoverageBeginDateWithoutAll6sWithCorrectionCodeC" classname="us.deloitteinnovation.aca.batch.ingest.step2.Step2VerifyInsuranceCoverageInformationTest" time="0.036"/>
  <testcase name="testOriginalCoverageBeginDateWithoutAll6sWithCorrectionCodeU" classname="us.deloitteinnovation.aca.batch.ingest.step2.Step2VerifyInsuranceCoverageInformationTest" time="0.008"/>
  <testcase name="testOriginalCoverageBeginDateWithoutAll6s" classname="us.deloitteinnovation.aca.batch.ingest.step2.Step2VerifyInsuranceCoverageInformationTest" time="0.008"/>
  <testcase name="testOriginalCoverageBeginDateWithoutAll9s" classname="us.deloitteinnovation.aca.batch.ingest.step2.Step2VerifyInsuranceCoverageInformationTest" time="0.009"/>
  <testcase name="testProgramNameWithSpaces" classname="us.deloitteinnovation.aca.batch.ingest.step2.Step2VerifyInsuranceCoverageInformationTest" time="0.006"/>
  <testcase name="testPolicyOriginWith1Character" classname="us.deloitteinnovation.aca.batch.ingest.step2.Step2VerifyInsuranceCoverageInformationTest" time="0.015"/>
  <testcase name="testOriginalCoverageBeginDateWithSpaces" classname="us.deloitteinnovation.aca.batch.ingest.step2.Step2VerifyInsuranceCoverageInformationTest" time="0.005"/>
  <testcase name="testPolicyOriginIncluding1AllowedCharacter" classname="us.deloitteinnovation.aca.batch.ingest.step2.Step2VerifyInsuranceCoverageInformationTest" time="0.012"/>
  <testcase name="testPolicyOriginWith3Characters" classname="us.deloitteinnovation.aca.batch.ingest.step2.Step2VerifyInsuranceCoverageInformationTest" time="0.015"/>
  <testcase name="testPolicyOriginWithSpaces" classname="us.deloitteinnovation.aca.batch.ingest.step2.Step2VerifyInsuranceCoverageInformationTest" time="0.014"/>
  <testcase name="testOriginalCoverageBeginDateWithAll9sWithoutCorrectionCode" classname="us.deloitteinnovation.aca.batch.ingest.step2.Step2VerifyInsuranceCoverageInformationTest" time="0.006"/>
  <testcase name="testOriginalCoverageBeginDateWithoutAll9sWithCorrectionCodeC" classname="us.deloitteinnovation.aca.batch.ingest.step2.Step2VerifyInsuranceCoverageInformationTest" time="0.007"/>
  <testcase name="testOriginalCoverageBeginDateWithoutAll9sWithCorrectionCodeU" classname="us.deloitteinnovation.aca.batch.ingest.step2.Step2VerifyInsuranceCoverageInformationTest" time="0.006"/>
  <testcase name="testShopIdentifierWithSpaces" classname="us.deloitteinnovation.aca.batch.ingest.step2.Step2VerifyInsuranceCoverageInformationTest" time="0.02"/>
  <testcase name="testProgramNameWithSpace" classname="us.deloitteinnovation.aca.batch.ingest.step2.Step2VerifyInsuranceCoverageInformationTest" time="0.005"/>
  <testcase name="testProgramNameWithSpecialCharacters" classname="us.deloitteinnovation.aca.batch.ingest.step2.Step2VerifyInsuranceCoverageInformationTest" time="0.005"/>
  <testcase name="testOriginalCoverageBeginDateWithAll6sWithCorrectionCodeC" classname="us.deloitteinnovation.aca.batch.ingest.step2.Step2VerifyInsuranceCoverageInformationTest" time="0.007"/>
  <testcase name="testOriginalCoverageBeginDateWithAll6sWithCorrectionCodeU" classname="us.deloitteinnovation.aca.batch.ingest.step2.Step2VerifyInsuranceCoverageInformationTest" time="0.007"/>
  <testcase name="testOriginalCoverageBeginDateWithAll6sWithoutCorrectionCode" classname="us.deloitteinnovation.aca.batch.ingest.step2.Step2VerifyInsuranceCoverageInformationTest" time="0.006"/>
  <testcase name="testProgramnameWithMoreThan50Chars" classname="us.deloitteinnovation.aca.batch.ingest.step2.Step2VerifyInsuranceCoverageInformationTest" time="0.007"/>
  <testcase name="testPolicyOriginWith1AllowedCharacterLowerCase" classname="us.deloitteinnovation.aca.batch.ingest.step2.Step2VerifyInsuranceCoverageInformationTest" time="0.014"/>
  <testcase name="testCoverageAfterDOB" classname="us.deloitteinnovation.aca.batch.ingest.step2.Step2VerifyInsuranceCoverageInformationTest" time="0.002"/>
  <testcase name="testProgramnameWith50Chars" classname="us.deloitteinnovation.aca.batch.ingest.step2.Step2VerifyInsuranceCoverageInformationTest" time="0.007"/>
  <testcase name="testOriginalCoverageEndDateWith8CharsNotInMMDDYYFormat" classname="us.deloitteinnovation.aca.batch.ingest.step2.Step2VerifyInsuranceCoverageInformationTest" time="0.006"/>
  <testcase name="testProgramNameWithSpecialCharactersAndMoreThan50Chars" classname="us.deloitteinnovation.aca.batch.ingest.step2.Step2VerifyInsuranceCoverageInformationTest" time="0.008"/>
  <testcase name="testPolicyOriginWithSpace" classname="us.deloitteinnovation.aca.batch.ingest.step2.Step2VerifyInsuranceCoverageInformationTest" time="0.016"/>
  <testcase name="testOriginalCoverageBeginDateWithAll9sWithCorrectionCodeC" classname="us.deloitteinnovation.aca.batch.ingest.step2.Step2VerifyInsuranceCoverageInformationTest" time="0.006"/>
  <testcase name="testOriginalCoverageBeginDateWithAll9sWithCorrectionCodeU" classname="us.deloitteinnovation.aca.batch.ingest.step2.Step2VerifyInsuranceCoverageInformationTest" time="0.006"/>
  <testcase name="testCoverageBeginBeforeCoverageEnd" classname="us.deloitteinnovation.aca.batch.ingest.step2.Step2VerifyInsuranceCoverageInformationTest" time="0.007"/>
  <testcase name="testCoverageBeginAfterCoverageEnd" classname="us.deloitteinnovation.aca.batch.ingest.step2.Step2VerifyInsuranceCoverageInformationTest" time="0"/>
  <testcase name="testProgramnameWithLessThan50Chars" classname="us.deloitteinnovation.aca.batch.ingest.step2.Step2VerifyInsuranceCoverageInformationTest" time="0.006"/>
  <testcase name="testNullPolicyOrigin" classname="us.deloitteinnovation.aca.batch.ingest.step2.Step2VerifyInsuranceCoverageInformationTest" time="0.018"/>
  <testcase name="testPolicyOriginWith2Characters" classname="us.deloitteinnovation.aca.batch.ingest.step2.Step2VerifyInsuranceCoverageInformationTest" time="0.016"/>
  <testcase name="testNullOriginalCoverageBeginDate" classname="us.deloitteinnovation.aca.batch.ingest.step2.Step2VerifyInsuranceCoverageInformationTest" time="0.007"/>
  <testcase name="testNullProgramName" classname="us.deloitteinnovation.aca.batch.ingest.step2.Step2VerifyInsuranceCoverageInformationTest" time="0.007"/>
  <testcase name="testCoverageTaxYearBeforeCurrentTaxYear" classname="us.deloitteinnovation.aca.batch.ingest.step2.Step2VerifyInsuranceCoverageInformationTest" time="0.002"/>
  <testcase name="testCoverageBeginEqualsCoverageEnd" classname="us.deloitteinnovation.aca.batch.ingest.step2.Step2VerifyInsuranceCoverageInformationTest" time="0.004"/>
  <testcase name="testCoverageStartingFromDOB" classname="us.deloitteinnovation.aca.batch.ingest.step2.Step2VerifyInsuranceCoverageInformationTest" time="0.003"/>
  <testcase name="testProgramNameWithNumbers" classname="us.deloitteinnovation.aca.batch.ingest.step2.Step2VerifyInsuranceCoverageInformationTest" time="0.006"/>
  <testcase name="testCoverageBeforeDOB" classname="us.deloitteinnovation.aca.batch.ingest.step2.Step2VerifyInsuranceCoverageInformationTest" time="0.002"/>
  <testcase name="testCoverageTaxYearAfterCurrentTaxYear" classname="us.deloitteinnovation.aca.batch.ingest.step2.Step2VerifyInsuranceCoverageInformationTest" time="0.003"/>
  <testcase name="testShopIdentifierWithNonSpaces" classname="us.deloitteinnovation.aca.batch.ingest.step2.Step2VerifyInsuranceCoverageInformationTest" time="0.021"/>
  <testcase name="testCoverageTaxYearWithNullTaxYearAndNullCoverageBeginDt" classname="us.deloitteinnovation.aca.batch.ingest.step2.Step2VerifyInsuranceCoverageInformationTest" time="0.003"/>
  <testcase name="testOriginalCoverageBeginDateWith8CharsNotInMMDDYYFormat" classname="us.deloitteinnovation.aca.batch.ingest.step2.Step2VerifyInsuranceCoverageInformationTest" time="0.005"/>
  <testcase name="testProcess" classname="us.deloitteinnovation.aca.batch.ingest.step2.Step2VerifyInsuranceCoverageInformationTest" time="0">
    <skipped message="Needs some ground work. Ignoring it for now"/>
  </testcase>
  <testcase name="testMinimal" classname="us.deloitteinnovation.aca.batch.ingest.step2.Step2VerifyInsuranceCoverageInformationTest" time="0.002"/>
</testsuite>