<?xml version="1.0" encoding="UTF-8"?>
<testsuite name="us.deloitteinnovation.aca.batch.ingest.step2.Step2VerifyDemographicInformationChangesTest" time="0.96" tests="51" errors="0" skipped="3" failures="0">
  <properties>
    <property name="java.runtime.name" value="Java(TM) SE Runtime Environment"/>
    <property name="sun.boot.library.path" value="C:\Program Files\Java\jdk1.8.0_91\jre\bin"/>
    <property name="java.vm.version" value="25.91-b15"/>
    <property name="java.vm.vendor" value="Oracle Corporation"/>
    <property name="java.vendor.url" value="http://java.oracle.com/"/>
    <property name="path.separator" value=";"/>
    <property name="guice.disable.misplaced.annotation.check" value="true"/>
    <property name="java.vm.name" value="Java HotSpot(TM) 64-Bit Server VM"/>
    <property name="file.encoding.pkg" value="sun.io"/>
    <property name="user.script" value=""/>
    <property name="user.country" value="IN"/>
    <property name="sun.java.launcher" value="SUN_STANDARD"/>
    <property name="sun.os.patch.level" value="Service Pack 1"/>
    <property name="java.vm.specification.name" value="Java Virtual Machine Specification"/>
    <property name="user.dir" value="C:\PROJECTS\ACA1095B\1095b"/>
    <property name="java.runtime.version" value="1.8.0_91-b15"/>
    <property name="java.awt.graphicsenv" value="sun.awt.Win32GraphicsEnvironment"/>
    <property name="java.endorsed.dirs" value="C:\Program Files\Java\jdk1.8.0_91\jre\lib\endorsed"/>
    <property name="os.arch" value="amd64"/>
    <property name="java.io.tmpdir" value="C:\Users\RBONGU~1\AppData\Local\Temp\"/>
    <property name="line.separator" value="&#10;"/>
    <property name="java.vm.specification.vendor" value="Oracle Corporation"/>
    <property name="user.variant" value=""/>
    <property name="os.name" value="Windows 7"/>
    <property name="classworlds.conf" value="C:\softwares\apache-maven-3.2.3\bin\m2.conf"/>
    <property name="sun.jnu.encoding" value="Cp1252"/>
    <property name="java.library.path" value="C:\Program Files\Java\jdk1.8.0_91\bin;C:\windows\Sun\Java\bin;C:\windows\system32;C:\windows;C:\Program Files\Java\jdk1.8.0_91\bin;C:\ProgramData\Oracle\Java\javapath;C:\Program Files\Common Files\Microsoft Shared\Windows Live;C:\Program Files (x86)\Common Files\Microsoft Shared\Windows Live;c:\Program Files (x86)\Intel\iCLS Client\;c:\Program Files\Intel\iCLS Client\;C:\Program Files\Broadcom\Broadcom 802.11;C:\windows\system32;C:\windows;C:\windows\System32\Wbem;C:\windows\System32\WindowsPowerShell\v1.0\;c:\Program Files\WIDCOMM\Bluetooth Software\;c:\Program Files\WIDCOMM\Bluetooth Software\syswow64;C:\Program Files\Intel\Intel(R) Management Engine Components\DAL;C:\Program Files\Intel\Intel(R) Management Engine Components\IPT;C:\Program Files (x86)\Intel\Intel(R) Management Engine Components\DAL;C:\Program Files (x86)\Intel\Intel(R) Management Engine Components\IPT;C:\Program Files (x86)\Windows Live\Shared;C:\Program Files\TortoiseGit\bin;C:\softwares\apache-maven-3.2.3\bin;C:\Program Files (x86)\Git\bin;C:\Program Files (x86)\Bitvise SSH Client;C:\Apache24\bin;C:\Program Files (x86)\MIT\Kerberos\bin;C:\Program Files (x86)\GnuWin32\bin;C:\Projects\sonar-runner-2.4\bin;C:\softwares\software office\sonarqube-6.1\bin\windows-x86-64;C:\Program Files (x86)\Skype\Phone\;C:\Program Files (x86)\scala\bin;C:\softwares\ruby-2.3.1;C:\Program Files\nodejs\;C:\softwares\play\activator-dist-1.3.10\bin;C:\softwares\play\play-2.2.6;c:\Program Files (x86)\Microsoft SQL Server\110\Tools\Binn\ManagementStudio\;c:\Program Files (x86)\Microsoft SQL Server\110\Tools\Binn\;c:\Program Files (x86)\Microsoft SQL Server\110\DTS\Binn\;C:\Ruby23-x64\bin;C:\Users\rbongurala\AppData\Roaming\npm;."/>
    <property name="java.specification.name" value="Java Platform API Specification"/>
    <property name="java.class.version" value="52.0"/>
    <property name="sun.management.compiler" value="HotSpot 64-Bit Tiered Compilers"/>
    <property name="os.version" value="6.1"/>
    <property name="user.home" value="C:\Users\rbongurala"/>
    <property name="user.timezone" value="Asia/Calcutta"/>
    <property name="java.awt.printerjob" value="sun.awt.windows.WPrinterJob"/>
    <property name="java.specification.version" value="1.8"/>
    <property name="file.encoding" value="Cp1252"/>
    <property name="user.name" value="rbongurala"/>
    <property name="java.class.path" value="C:\softwares\apache-maven-3.2.3\boot\plexus-classworlds-2.5.1.jar"/>
    <property name="java.vm.specification.version" value="1.8"/>
    <property name="sun.arch.data.model" value="64"/>
    <property name="java.home" value="C:\Program Files\Java\jdk1.8.0_91\jre"/>
    <property name="sun.java.command" value="org.codehaus.plexus.classworlds.launcher.Launcher clean install sonar:sonar"/>
    <property name="java.specification.vendor" value="Oracle Corporation"/>
    <property name="user.language" value="en"/>
    <property name="awt.toolkit" value="sun.awt.windows.WToolkit"/>
    <property name="java.vm.info" value="mixed mode"/>
    <property name="java.version" value="1.8.0_91"/>
    <property name="java.ext.dirs" value="C:\Program Files\Java\jdk1.8.0_91\jre\lib\ext;C:\windows\Sun\Java\lib\ext"/>
    <property name="sun.boot.class.path" value="C:\Program Files\Java\jdk1.8.0_91\jre\lib\resources.jar;C:\Program Files\Java\jdk1.8.0_91\jre\lib\rt.jar;C:\Program Files\Java\jdk1.8.0_91\jre\lib\sunrsasign.jar;C:\Program Files\Java\jdk1.8.0_91\jre\lib\jsse.jar;C:\Program Files\Java\jdk1.8.0_91\jre\lib\jce.jar;C:\Program Files\Java\jdk1.8.0_91\jre\lib\charsets.jar;C:\Program Files\Java\jdk1.8.0_91\jre\lib\jfr.jar;C:\Program Files\Java\jdk1.8.0_91\jre\classes"/>
    <property name="sun.stderr.encoding" value="cp437"/>
    <property name="java.vendor" value="Oracle Corporation"/>
    <property name="maven.home" value="C:\softwares\apache-maven-3.2.3"/>
    <property name="file.separator" value="\"/>
    <property name="java.vendor.url.bug" value="http://bugreport.sun.com/bugreport/"/>
    <property name="sun.cpu.endian" value="little"/>
    <property name="sun.io.unicode.encoding" value="UnicodeLittle"/>
    <property name="sun.stdout.encoding" value="cp437"/>
    <property name="sun.desktop" value="windows"/>
    <property name="sun.cpu.isalist" value="amd64"/>
  </properties>
  <testcase name="testRecipientMiddleNameForSingleDashInFirst" classname="us.deloitteinnovation.aca.batch.ingest.step2.Step2VerifyDemographicInformationChangesTest" time="0.016"/>
  <testcase name="testRecipientMiddleNameForDoubleDash" classname="us.deloitteinnovation.aca.batch.ingest.step2.Step2VerifyDemographicInformationChangesTest" time="0.034"/>
  <testcase name="testRecipientMiddleNameForSingleDash" classname="us.deloitteinnovation.aca.batch.ingest.step2.Step2VerifyDemographicInformationChangesTest" time="0.023"/>
  <testcase name="testRecipientSuffixForDoubleDash" classname="us.deloitteinnovation.aca.batch.ingest.step2.Step2VerifyDemographicInformationChangesTest" time="0.029"/>
  <testcase name="testRecipientMiddleNameWithOnlyNumbers" classname="us.deloitteinnovation.aca.batch.ingest.step2.Step2VerifyDemographicInformationChangesTest" time="0.019"/>
  <testcase name="testRecipientFirstNameForSingleDashInFirst" classname="us.deloitteinnovation.aca.batch.ingest.step2.Step2VerifyDemographicInformationChangesTest" time="0.02"/>
  <testcase name="testRecipientMiddleNameForAlphaNumeric" classname="us.deloitteinnovation.aca.batch.ingest.step2.Step2VerifyDemographicInformationChangesTest" time="0.017"/>
  <testcase name="testRecipientLastNameForCharsAndSpecialChars" classname="us.deloitteinnovation.aca.batch.ingest.step2.Step2VerifyDemographicInformationChangesTest" time="0.02"/>
  <testcase name="testRecipientFirstNameForNumbersAndSpecialChars" classname="us.deloitteinnovation.aca.batch.ingest.step2.Step2VerifyDemographicInformationChangesTest" time="0.024"/>
  <testcase name="testRecipientLastNameForNumbersAndSpecialChars" classname="us.deloitteinnovation.aca.batch.ingest.step2.Step2VerifyDemographicInformationChangesTest" time="0.02"/>
  <testcase name="testRecipientFirstNameForCharsAndSpaceInMiddle" classname="us.deloitteinnovation.aca.batch.ingest.step2.Step2VerifyDemographicInformationChangesTest" time="0.021"/>
  <testcase name="testRecipientFirstNameForSingleDashInMiddle" classname="us.deloitteinnovation.aca.batch.ingest.step2.Step2VerifyDemographicInformationChangesTest" time="0.022"/>
  <testcase name="testRecipientLastNameForCharsAndSpace" classname="us.deloitteinnovation.aca.batch.ingest.step2.Step2VerifyDemographicInformationChangesTest" time="0.024"/>
  <testcase name="testRecipientLastNameForInValidLength" classname="us.deloitteinnovation.aca.batch.ingest.step2.Step2VerifyDemographicInformationChangesTest" time="0.021"/>
  <testcase name="testRecipientMiddleNameForOnlyChars" classname="us.deloitteinnovation.aca.batch.ingest.step2.Step2VerifyDemographicInformationChangesTest" time="0.026"/>
  <testcase name="testRecipientMiddleNameForSingleDashInMiddle" classname="us.deloitteinnovation.aca.batch.ingest.step2.Step2VerifyDemographicInformationChangesTest" time="0.022"/>
  <testcase name="testRecipientDobWithAllZeros" classname="us.deloitteinnovation.aca.batch.ingest.step2.Step2VerifyDemographicInformationChangesTest" time="0">
    <skipped/>
  </testcase>
  <testcase name="testRecipientSuffixForSpecialChars" classname="us.deloitteinnovation.aca.batch.ingest.step2.Step2VerifyDemographicInformationChangesTest" time="0.021"/>
  <testcase name="testRecipientFirstNameForCharsAndSpace" classname="us.deloitteinnovation.aca.batch.ingest.step2.Step2VerifyDemographicInformationChangesTest" time="0.021"/>
  <testcase name="testRecipientLastNameForSpecialChars" classname="us.deloitteinnovation.aca.batch.ingest.step2.Step2VerifyDemographicInformationChangesTest" time="0.026"/>
  <testcase name="testRecipientMiddleNameWithBlank" classname="us.deloitteinnovation.aca.batch.ingest.step2.Step2VerifyDemographicInformationChangesTest" time="0.027"/>
  <testcase name="testRecipientMiddleNameForNumbersAndSpecialChars" classname="us.deloitteinnovation.aca.batch.ingest.step2.Step2VerifyDemographicInformationChangesTest" time="0.025"/>
  <testcase name="testRecipientMiddleNameForCharsAndSpaceInMiddle" classname="us.deloitteinnovation.aca.batch.ingest.step2.Step2VerifyDemographicInformationChangesTest" time="0.015"/>
  <testcase name="testRecipientLastNameForValidLength" classname="us.deloitteinnovation.aca.batch.ingest.step2.Step2VerifyDemographicInformationChangesTest" time="0.039"/>
  <testcase name="testRecipientFirstNameForSpecialChars" classname="us.deloitteinnovation.aca.batch.ingest.step2.Step2VerifyDemographicInformationChangesTest" time="0.021"/>
  <testcase name="testRecipientFirstNameForDoubleDash" classname="us.deloitteinnovation.aca.batch.ingest.step2.Step2VerifyDemographicInformationChangesTest" time="0.017"/>
  <testcase name="testRecipientMiddleNameForCharsAndSpace" classname="us.deloitteinnovation.aca.batch.ingest.step2.Step2VerifyDemographicInformationChangesTest" time="0.02"/>
  <testcase name="testRecipientFirstNameForInValidLength" classname="us.deloitteinnovation.aca.batch.ingest.step2.Step2VerifyDemographicInformationChangesTest" time="0.019"/>
  <testcase name="testRecipientFirstNameForSingleDash" classname="us.deloitteinnovation.aca.batch.ingest.step2.Step2VerifyDemographicInformationChangesTest" time="0.014"/>
  <testcase name="testRecipientLastNameForCharsAndSpaceInMiddle" classname="us.deloitteinnovation.aca.batch.ingest.step2.Step2VerifyDemographicInformationChangesTest" time="0.014"/>
  <testcase name="testRecipientLastNameForSingleDashInMiddle" classname="us.deloitteinnovation.aca.batch.ingest.step2.Step2VerifyDemographicInformationChangesTest" time="0.017"/>
  <testcase name="testRecipientFirstNameForCharsAndSpecialChars" classname="us.deloitteinnovation.aca.batch.ingest.step2.Step2VerifyDemographicInformationChangesTest" time="0.027"/>
  <testcase name="testRecipientMiddleNameForInValidLength" classname="us.deloitteinnovation.aca.batch.ingest.step2.Step2VerifyDemographicInformationChangesTest" time="0.015"/>
  <testcase name="testRecipientMiddleNameForSpecialChars" classname="us.deloitteinnovation.aca.batch.ingest.step2.Step2VerifyDemographicInformationChangesTest" time="0.014"/>
  <testcase name="testRecipientLastNameForOnlyChars" classname="us.deloitteinnovation.aca.batch.ingest.step2.Step2VerifyDemographicInformationChangesTest" time="0.017"/>
  <testcase name="testRecipientFirstNameForValidLength" classname="us.deloitteinnovation.aca.batch.ingest.step2.Step2VerifyDemographicInformationChangesTest" time="0.015"/>
  <testcase name="testRecipientMiddleNameForCharsAndSpecialChars" classname="us.deloitteinnovation.aca.batch.ingest.step2.Step2VerifyDemographicInformationChangesTest" time="0.02"/>
  <testcase name="testRecipientMiddleNameForValidLength" classname="us.deloitteinnovation.aca.batch.ingest.step2.Step2VerifyDemographicInformationChangesTest" time="0.019"/>
  <testcase name="testRecipientLastNameForDoubleDash" classname="us.deloitteinnovation.aca.batch.ingest.step2.Step2VerifyDemographicInformationChangesTest" time="0.019"/>
  <testcase name="testRecipientFirstNameWithBlank" classname="us.deloitteinnovation.aca.batch.ingest.step2.Step2VerifyDemographicInformationChangesTest" time="0.017"/>
  <testcase name="testRecipientFirstNameForOnlyChars" classname="us.deloitteinnovation.aca.batch.ingest.step2.Step2VerifyDemographicInformationChangesTest" time="0.018"/>
  <testcase name="testRecipientLastNameForSingleDashInFirst" classname="us.deloitteinnovation.aca.batch.ingest.step2.Step2VerifyDemographicInformationChangesTest" time="0.019"/>
  <testcase name="testRecipientLastNameForSingleDash" classname="us.deloitteinnovation.aca.batch.ingest.step2.Step2VerifyDemographicInformationChangesTest" time="0.015"/>
  <testcase name="testRecipientLastNameWithOnlyNumbers" classname="us.deloitteinnovation.aca.batch.ingest.step2.Step2VerifyDemographicInformationChangesTest" time="0.019"/>
  <testcase name="testRecipientLastNameForAlphaNumeric" classname="us.deloitteinnovation.aca.batch.ingest.step2.Step2VerifyDemographicInformationChangesTest" time="0.018"/>
  <testcase name="testRecipientLastNameWithBlank" classname="us.deloitteinnovation.aca.batch.ingest.step2.Step2VerifyDemographicInformationChangesTest" time="0.017"/>
  <testcase name="testRecipientDobWithInvalidDate" classname="us.deloitteinnovation.aca.batch.ingest.step2.Step2VerifyDemographicInformationChangesTest" time="0">
    <skipped/>
  </testcase>
  <testcase name="testRecipientFirstNameWithOnlyNumbers" classname="us.deloitteinnovation.aca.batch.ingest.step2.Step2VerifyDemographicInformationChangesTest" time="0.019"/>
  <testcase name="testRecipientFirstNameForAlphaNumeric" classname="us.deloitteinnovation.aca.batch.ingest.step2.Step2VerifyDemographicInformationChangesTest" time="0.015"/>
  <testcase name="testProcess" classname="us.deloitteinnovation.aca.batch.ingest.step2.Step2VerifyDemographicInformationChangesTest" time="0">
    <skipped message="Needs some ground work. Ignoring it for now"/>
  </testcase>
  <testcase name="testMinimal" classname="us.deloitteinnovation.aca.batch.ingest.step2.Step2VerifyDemographicInformationChangesTest" time="0.003"/>
</testsuite>